
                            < M A T L A B (R) >
                  Copyright 1984-2016 The MathWorks, Inc.
                   R2016a (9.0.0.341360) 64-bit (glnxa64)
                             February 11, 2016

 
To get started, type one of these: helpwin, helpdesk, or demo.
For product information, visit www.mathworks.com.
 

	Academic License


files = 

       name: 'All_4_Pools_10.mzXML'
       date: '16-Nov-2016 17:33:03'
      bytes: 2.6892e+09
      isdir: 0
    datenum: 7.3665e+05

Starting to parse document...
Building mzXML substructure...
Building scan substructure...
Building index substructure...
DONE!
Elapsed time is 155.366523 seconds.
>> 