mod: loaded OpenMPI 1.4.5, compiled with gcc4.8 (found in /opt/openmpi/1.4.5gcc4.8/)

R version 3.3.2 (2016-10-31) -- "Sincere Pumpkin Patch"
Copyright (C) 2016 The R Foundation for Statistical Computing
Platform: x86_64-pc-linux-gnu (64-bit)

R is free software and comes with ABSOLUTELY NO WARRANTY.
You are welcome to redistribute it under certain conditions.
Type 'license()' or 'licence()' for distribution details.

  Natural language support but running in an English locale

R is a collaborative project with many contributors.
Type 'contributors()' for more information and
'citation()' on how to cite R or R packages in publications.

Type 'demo()' for some demos, 'help()' for on-line help, or
'help.start()' for an HTML browser interface to help.
Type 'q()' to quit R.

> 
> #Load packages
> if(require("xcms")) {
+     print("xcms loaded correctly")
+ } else {
+     source("https://bioconductor.org/biocLite.R")
+     biocLite("xcms")
+     #install.packages("xcms")
+     if(require("xcms")) {
+         print("xcms installed and loaded")
+     } else {
+         stop("could not install xcms")
+     }
+ }
Loading required package: xcms
Loading required package: mzR
Loading required package: Rcpp
Loading required package: BiocGenerics
Loading required package: parallel

Attaching package: ‘BiocGenerics’

The following objects are masked from ‘package:parallel’:

    clusterApply, clusterApplyLB, clusterCall, clusterEvalQ,
    clusterExport, clusterMap, parApply, parCapply, parLapply,
    parLapplyLB, parRapply, parSapply, parSapplyLB

The following objects are masked from ‘package:stats’:

    IQR, mad, xtabs

The following objects are masked from ‘package:base’:

    anyDuplicated, append, as.data.frame, cbind, colnames, do.call,
    duplicated, eval, evalq, Filter, Find, get, grep, grepl, intersect,
    is.unsorted, lapply, lengths, Map, mapply, match, mget, order,
    paste, pmax, pmax.int, pmin, pmin.int, Position, rank, rbind,
    Reduce, rownames, sapply, setdiff, sort, table, tapply, union,
    unique, unsplit, which, which.max, which.min

Loading required package: ProtGenerics
Loading required package: Biobase
Welcome to Bioconductor

    Vignettes contain introductory material; view with
    'browseVignettes()'. To cite Bioconductor, see
    'citation("Biobase")', and for packages 'citation("pkgname")'.

[1] "xcms loaded correctly"
> if(require("BiocParallel")) {
+ } else {
+     source("https://bioconductor.org/biocLite.R")
+     biocLite("BiocParallel")
+     #install.packages("xcms")
+     if(require("BiocParallel")) {
+         print("BiocParallel installed and loaded")
+     } else {
+         stop("could not install BiocParallel")
Loading required package: BiocParallel
+     }
+ }
Loading required package: Rmpi
NULL
> if(require("Rmpi")) {
+     print("Rmpi loaded correctly")
+ } else {
+     install.packages("Rmpi", repos="https://cloud.r-project.org/")
+     if(require("Rmpi")) {
+         print("Rmpi installed and loaded")
+     } else {
+         stop("could not install Rmpi")
+     }
+ }
[1] "Rmpi loaded correctly"
> 
> 
> setwd('/proj/p2013014/nobackup/nils_xjob/stef_batch/Obaid_mzml')
> cdfpath <-"/proj/p2013014/nobackup/nils_xjob/stef_batch/Obaid_mzml"
> cdffiles <- list.files(cdfpath)
> cdffiles <- grep("All_4_Pools_10", cdffiles, perl=TRUE, value=TRUE)
> print(paste('Found the file',cdffiles, sep=" "))
[1] "Found the file All_4_Pools_10.mzML"
> 
> 
> #p_param <- SnowParam(mpi.universe.size()-1, type="MPI");
> #register(p_param) #Is this needed?
> ptm <- proc.time()
> xset_a <- xcmsSet(cdffiles, method="centWave")

 Detecting mass traces at 25 ppm ... 
 % finished: 0 Scan 3 is unsorted. Fixing.
Scan 10 is unsorted. Fixing.
Scan 14 is unsorted. Fixing.
Scan 29 is unsorted. Fixing.
Scan 41 is unsorted. Fixing.
Scan 44 is unsorted. Fixing.
Scan 58 is unsorted. Fixing.
Scan 64 is unsorted. Fixing.
Scan 68 is unsorted. Fixing.
Scan 72 is unsorted. Fixing.
Scan 81 is unsorted. Fixing.
Scan 86 is unsorted. Fixing.
Scan 91 is unsorted. Fixing.
Scan 95 is unsorted. Fixing.
Scan 99 is unsorted. Fixing.
Scan 102 is unsorted. Fixing.
Scan 105 is unsorted. Fixing.
Scan 106 is unsorted. Fixing.
Scan 108 is unsorted. Fixing.
Scan 109 is unsorted. Fixing.
Scan 110 is unsorted. Fixing.
Scan 111 is unsorted. Fixing.
Scan 112 is unsorted. Fixing.
Scan 113 is unsorted. Fixing.
Scan 114 is unsorted. Fixing.
Scan 115 is unsorted. Fixing.
Scan 116 is unsorted. Fixing.
Scan 117 is unsorted. Fixing.
Scan 118 is unsorted. Fixing.
Scan 120 is unsorted. Fixing.
Scan 121 is unsorted. Fixing.
Scan 126 is unsorted. Fixing.
Scan 127 is unsorted. Fixing.
Scan 128 is unsorted. Fixing.
Scan 129 is unsorted. Fixing.
Scan 132 is unsorted. Fixing.
Scan 134 is unsorted. Fixing.
Scan 135 is unsorted. Fixing.
Scan 138 is unsorted. Fixing.
Scan 140 is unsorted. Fixing.
Scan 141 is unsorted. Fixing.
Scan 143 is unsorted. Fixing.
Scan 144 is unsorted. Fixing.
Scan 146 is unsorted. Fixing.
Scan 148 is unsorted. Fixing.
Scan 150 is unsorted. Fixing.
Scan 151 is unsorted. Fixing.
Scan 152 is unsorted. Fixing.
Scan 154 is unsorted. Fixing.
Scan 155 is unsorted. Fixing.
Scan 156 is unsorted. Fixing.
Scan 158 is unsorted. Fixing.
Scan 160 is unsorted. Fixing.
Scan 163 is unsorted. Fixing.
Scan 165 is unsorted. Fixing.
Scan 171 is unsorted. Fixing.
Scan 180 is unsorted. Fixing.
Scan 183 is unsorted. Fixing.
Scan 190 is unsorted. Fixing.
Scan 191 is unsorted. Fixing.
Scan 193 is unsorted. Fixing.
Scan 198 is unsorted. Fixing.
Scan 199 is unsorted. Fixing.
Scan 200 is unsorted. Fixing.
Scan 201 is unsorted. Fixing.
Scan 202 is unsorted. Fixing.
Scan 204 is unsorted. Fixing.
Scan 206 is unsorted. Fixing.
Scan 209 is unsorted. Fixing.
Scan 210 is unsorted. Fixing.
Scan 212 is unsorted. Fixing.
Scan 213 is unsorted. Fixing.
Scan 214 is unsorted. Fixing.
Scan 215 is unsorted. Fixing.
Scan 216 is unsorted. Fixing.
Scan 217 is unsorted. Fixing.
Scan 218 is unsorted. Fixing.
Scan 219 is unsorted. Fixing.
Scan 221 is unsorted. Fixing.
Scan 222 is unsorted. Fixing.
Scan 223 is unsorted. Fixing.
Scan 224 is unsorted. Fixing.
Scan 227 is unsorted. Fixing.
Scan 229 is unsorted. Fixing.
Scan 230 is unsorted. Fixing.
Scan 231 is unsorted. Fixing.
Scan 233 is unsorted. Fixing.
Scan 234 is unsorted. Fixing.
Scan 236 is unsorted. Fixing.
Scan 237 is unsorted. Fixing.
Scan 239 is unsorted. Fixing.
Scan 240 is unsorted. Fixing.
Scan 241 is unsorted. Fixing.
Scan 242 is unsorted. Fixing.
Scan 243 is unsorted. Fixing.
Scan 244 is unsorted. Fixing.
Scan 245 is unsorted. Fixing.
Scan 247 is unsorted. Fixing.
Scan 248 is unsorted. Fixing.
Scan 249 is unsorted. Fixing.
Scan 251 is unsorted. Fixing.
Scan 254 is unsorted. Fixing.
Scan 256 is unsorted. Fixing.
Scan 257 is unsorted. Fixing.
Scan 260 is unsorted. Fixing.
Scan 261 is unsorted. Fixing.
Scan 282 is unsorted. Fixing.
Scan 283 is unsorted. Fixing.
Scan 284 is unsorted. Fixing.
Scan 285 is unsorted. Fixing.
Scan 289 is unsorted. Fixing.
Scan 290 is unsorted. Fixing.
Scan 292 is unsorted. Fixing.
Scan 293 is unsorted. Fixing.
Scan 294 is unsorted. Fixing.
Scan 295 is unsorted. Fixing.
Scan 296 is unsorted. Fixing.
Scan 297 is unsorted. Fixing.
Scan 298 is unsorted. Fixing.
Scan 299 is unsorted. Fixing.
Scan 300 is unsorted. Fixing.
Scan 301 is unsorted. Fixing.
Scan 302 is unsorted. Fixing.
Scan 303 is unsorted. Fixing.
Scan 304 is unsorted. Fixing.
Scan 306 is unsorted. Fixing.
Scan 308 is unsorted. Fixing.
Scan 309 is unsorted. Fixing.
Scan 310 is unsorted. Fixing.
Scan 313 is unsorted. Fixing.
Scan 314 is unsorted. Fixing.
Scan 317 is unsorted. Fixing.
Scan 319 is unsorted. Fixing.
Scan 321 is unsorted. Fixing.
Scan 322 is unsorted. Fixing.
Scan 323 is unsorted. Fixing.
Scan 324 is unsorted. Fixing.
Scan 325 is unsorted. Fixing.
Scan 327 is unsorted. Fixing.
Scan 329 is unsorted. Fixing.
Scan 332 is unsorted. Fixing.
Scan 333 is unsorted. Fixing.
Scan 338 is unsorted. Fixing.
Scan 340 is unsorted. Fixing.
Scan 341 is unsorted. Fixing.
Scan 342 is unsorted. Fixing.
Scan 344 is unsorted. Fixing.
Scan 345 is unsorted. Fixing.
Scan 347 is unsorted. Fixing.
Scan 348 is unsorted. Fixing.
Scan 349 is unsorted. Fixing.
Scan 351 is unsorted. Fixing.
Scan 352 is unsorted. Fixing.
Scan 353 is unsorted. Fixing.
Scan 354 is unsorted. Fixing.
Scan 355 is unsorted. Fixing.
Scan 357 is unsorted. Fixing.
Scan 361 is unsorted. Fixing.
Scan 364 is unsorted. Fixing.
Scan 365 is unsorted. Fixing.
Scan 366 is unsorted. Fixing.
Scan 367 is unsorted. Fixing.
Scan 369 is unsorted. Fixing.
Scan 375 is unsorted. Fixing.
Scan 378 is unsorted. Fixing.
Scan 382 is unsorted. Fixing.
Scan 383 is unsorted. Fixing.
Scan 384 is unsorted. Fixing.
Scan 386 is unsorted. Fixing.
Scan 388 is unsorted. Fixing.
Scan 389 is unsorted. Fixing.
Scan 390 is unsorted. Fixing.
Scan 392 is unsorted. Fixing.
Scan 393 is unsorted. Fixing.
Scan 394 is unsorted. Fixing.
Scan 395 is unsorted. Fixing.
Scan 397 is unsorted. Fixing.
Scan 400 is unsorted. Fixing.
Scan 401 is unsorted. Fixing.
Scan 403 is unsorted. Fixing.
Scan 405 is unsorted. Fixing.
Scan 420 is unsorted. Fixing.
Scan 428 is unsorted. Fixing.
Scan 430 is unsorted. Fixing.
Scan 445 is unsorted. Fixing.
Scan 447 is unsorted. Fixing.
Scan 448 is unsorted. Fixing.
Scan 450 is unsorted. Fixing.
Scan 453 is unsorted. Fixing.
Scan 454 is unsorted. Fixing.
Scan 455 is unsorted. Fixing.
Scan 457 is unsorted. Fixing.
Scan 464 is unsorted. Fixing.
Scan 465 is unsorted. Fixing.
Scan 472 is unsorted. Fixing.
Scan 475 is unsorted. Fixing.
Scan 476 is unsorted. Fixing.
Scan 479 is unsorted. Fixing.
Scan 483 is unsorted. Fixing.
Scan 486 is unsorted. Fixing.
Scan 488 is unsorted. Fixing.
Scan 489 is unsorted. Fixing.
Scan 490 is unsorted. Fixing.
Scan 492 is unsorted. Fixing.
Scan 497 is unsorted. Fixing.
Scan 499 is unsorted. Fixing.
Scan 500 is unsorted. Fixing.
Scan 502 is unsorted. Fixing.
Scan 503 is unsorted. Fixing.
Scan 504 is unsorted. Fixing.
Scan 505 is unsorted. Fixing.
Scan 508 is unsorted. Fixing.
Scan 509 is unsorted. Fixing.
Scan 511 is unsorted. Fixing.
Scan 512 is unsorted. Fixing.
Scan 514 is unsorted. Fixing.
Scan 516 is unsorted. Fixing.
Scan 517 is unsorted. Fixing.
Scan 518 is unsorted. Fixing.
Scan 520 is unsorted. Fixing.
Scan 521 is unsorted. Fixing.
Scan 522 is unsorted. Fixing.
Scan 524 is unsorted. Fixing.
Scan 525 is unsorted. Fixing.
Scan 527 is unsorted. Fixing.
Scan 529 is unsorted. Fixing.
Scan 544 is unsorted. Fixing.
Scan 545 is unsorted. Fixing.
Scan 546 is unsorted. Fixing.
Scan 552 is unsorted. Fixing.
Scan 554 is unsorted. Fixing.
Scan 555 is unsorted. Fixing.
Scan 558 is unsorted. Fixing.
Scan 560 is unsorted. Fixing.
Scan 564 is unsorted. Fixing.
Scan 565 is unsorted. Fixing.
Scan 568 is unsorted. Fixing.
Scan 571 is unsorted. Fixing.
Scan 573 is unsorted. Fixing.
Scan 574 is unsorted. Fixing.
Scan 579 is unsorted. Fixing.
Scan 586 is unsorted. Fixing.
Scan 587 is unsorted. Fixing.
Scan 589 is unsorted. Fixing.
Scan 593 is unsorted. Fixing.
Scan 594 is unsorted. Fixing.
Scan 598 is unsorted. Fixing.
Scan 599 is unsorted. Fixing.
Scan 603 is unsorted. Fixing.
Scan 604 is unsorted. Fixing.
Scan 605 is unsorted. Fixing.
Scan 607 is unsorted. Fixing.
Scan 608 is unsorted. Fixing.
Scan 612 is unsorted. Fixing.
Scan 613 is unsorted. Fixing.
Scan 614 is unsorted. Fixing.
Scan 615 is unsorted. Fixing.
Scan 616 is unsorted. Fixing.
Scan 617 is unsorted. Fixing.
Scan 618 is unsorted. Fixing.
Scan 620 is unsorted. Fixing.
Scan 621 is unsorted. Fixing.
Scan 622 is unsorted. Fixing.
Scan 623 is unsorted. Fixing.
Scan 624 is unsorted. Fixing.
Scan 626 is unsorted. Fixing.
Scan 628 is unsorted. Fixing.
Scan 632 is unsorted. Fixing.
Scan 637 is unsorted. Fixing.
Scan 638 is unsorted. Fixing.
Scan 641 is unsorted. Fixing.
Scan 642 is unsorted. Fixing.
Scan 644 is unsorted. Fixing.
Scan 646 is unsorted. Fixing.
Scan 647 is unsorted. Fixing.
Scan 648 is unsorted. Fixing.
Scan 649 is unsorted. Fixing.
Scan 655 is unsorted. Fixing.
Scan 657 is unsorted. Fixing.
Scan 660 is unsorted. Fixing.
Scan 662 is unsorted. Fixing.
Scan 664 is unsorted. Fixing.
Scan 673 is unsorted. Fixing.
Scan 674 is unsorted. Fixing.
Scan 676 is unsorted. Fixing.
Scan 685 is unsorted. Fixing.
Scan 686 is unsorted. Fixing.
Scan 690 is unsorted. Fixing.
Scan 692 is unsorted. Fixing.
Scan 694 is unsorted. Fixing.
Scan 699 is unsorted. Fixing.
Scan 700 is unsorted. Fixing.
Scan 703 is unsorted. Fixing.
Scan 706 is unsorted. Fixing.
Scan 712 is unsorted. Fixing.
Scan 715 is unsorted. Fixing.
Scan 716 is unsorted. Fixing.
Scan 719 is unsorted. Fixing.
Scan 722 is unsorted. Fixing.
Scan 724 is unsorted. Fixing.
Scan 729 is unsorted. Fixing.
Scan 731 is unsorted. Fixing.
Scan 732 is unsorted. Fixing.
Scan 740 is unsorted. Fixing.
Scan 744 is unsorted. Fixing.
Scan 745 is unsorted. Fixing.
Scan 747 is unsorted. Fixing.
Scan 749 is unsorted. Fixing.
Scan 755 is unsorted. Fixing.
Scan 757 is unsorted. Fixing.
Scan 760 is unsorted. Fixing.
Scan 762 is unsorted. Fixing.
Scan 765 is unsorted. Fixing.
Scan 769 is unsorted. Fixing.
Scan 771 is unsorted. Fixing.
Scan 772 is unsorted. Fixing.
Scan 773 is unsorted. Fixing.
Scan 777 is unsorted. Fixing.
Scan 783 is unsorted. Fixing.
Scan 786 is unsorted. Fixing.
Scan 788 is unsorted. Fixing.
Scan 789 is unsorted. Fixing.
Scan 790 is unsorted. Fixing.
Scan 793 is unsorted. Fixing.
Scan 794 is unsorted. Fixing.
Scan 796 is unsorted. Fixing.
Scan 800 is unsorted. Fixing.
Scan 802 is unsorted. Fixing.
Scan 806 is unsorted. Fixing.
Scan 807 is unsorted. Fixing.
Scan 810 is unsorted. Fixing.
Scan 811 is unsorted. Fixing.
Scan 812 is unsorted. Fixing.
Scan 815 is unsorted. Fixing.
Scan 820 is unsorted. Fixing.
Scan 823 is unsorted. Fixing.
Scan 825 is unsorted. Fixing.
Scan 830 is unsorted. Fixing.
Scan 833 is unsorted. Fixing.
Scan 836 is unsorted. Fixing.
Scan 843 is unsorted. Fixing.
Scan 844 is unsorted. Fixing.
Scan 848 is unsorted. Fixing.
Scan 849 is unsorted. Fixing.
Scan 853 is unsorted. Fixing.
Scan 858 is unsorted. Fixing.
Scan 860 is unsorted. Fixing.
Scan 861 is unsorted. Fixing.
Scan 862 is unsorted. Fixing.
Scan 864 is unsorted. Fixing.
Scan 868 is unsorted. Fixing.
Scan 872 is unsorted. Fixing.
Scan 873 is unsorted. Fixing.
Scan 874 is unsorted. Fixing.
Scan 889 is unsorted. Fixing.
Scan 893 is unsorted. Fixing.
Scan 898 is unsorted. Fixing.
Scan 902 is unsorted. Fixing.
Scan 905 is unsorted. Fixing.
Scan 908 is unsorted. Fixing.
Scan 909 is unsorted. Fixing.
Scan 918 is unsorted. Fixing.
Scan 919 is unsorted. Fixing.
Scan 921 is unsorted. Fixing.
Scan 922 is unsorted. Fixing.
Scan 923 is unsorted. Fixing.
Scan 929 is unsorted. Fixing.
Scan 930 is unsorted. Fixing.
Scan 931 is unsorted. Fixing.
Scan 932 is unsorted. Fixing.
Scan 934 is unsorted. Fixing.
Scan 935 is unsorted. Fixing.
Scan 941 is unsorted. Fixing.
Scan 947 is unsorted. Fixing.
Scan 950 is unsorted. Fixing.
Scan 951 is unsorted. Fixing.
Scan 954 is unsorted. Fixing.
Scan 955 is unsorted. Fixing.
Scan 958 is unsorted. Fixing.
Scan 962 is unsorted. Fixing.
Scan 963 is unsorted. Fixing.
Scan 965 is unsorted. Fixing.
Scan 968 is unsorted. Fixing.
Scan 969 is unsorted. Fixing.
Scan 970 is unsorted. Fixing.
Scan 971 is unsorted. Fixing.
Scan 975 is unsorted. Fixing.
Scan 976 is unsorted. Fixing.
Scan 982 is unsorted. Fixing.
Scan 984 is unsorted. Fixing.
Scan 985 is unsorted. Fixing.
Scan 986 is unsorted. Fixing.
Scan 987 is unsorted. Fixing.
Scan 997 is unsorted. Fixing.
Scan 999 is unsorted. Fixing.
Scan 1003 is unsorted. Fixing.
Scan 1004 is unsorted. Fixing.
Scan 1005 is unsorted. Fixing.
Scan 1009 is unsorted. Fixing.
Scan 1010 is unsorted. Fixing.
Scan 1012 is unsorted. Fixing.
Scan 1014 is unsorted. Fixing.
Scan 1015 is unsorted. Fixing.
Scan 1016 is unsorted. Fixing.
Scan 1017 is unsorted. Fixing.
Scan 1018 is unsorted. Fixing.
Scan 1020 is unsorted. Fixing.
Scan 1022 is unsorted. Fixing.
Scan 1023 is unsorted. Fixing.
Scan 1027 is unsorted. Fixing.
Scan 1031 is unsorted. Fixing.
Scan 1032 is unsorted. Fixing.
Scan 1033 is unsorted. Fixing.
Scan 1035 is unsorted. Fixing.
Scan 1036 is unsorted. Fixing.
Scan 1037 is unsorted. Fixing.
Scan 1038 is unsorted. Fixing.
Scan 1040 is unsorted. Fixing.
Scan 1041 is unsorted. Fixing.
Scan 1042 is unsorted. Fixing.
Scan 1043 is unsorted. Fixing.
Scan 1045 is unsorted. Fixing.
Scan 1046 is unsorted. Fixing.
Scan 1047 is unsorted. Fixing.
Scan 1048 is unsorted. Fixing.
Scan 1049 is unsorted. Fixing.
Scan 1050 is unsorted. Fixing.
Scan 1051 is unsorted. Fixing.
Scan 1052 is unsorted. Fixing.
Scan 1053 is unsorted. Fixing.
Scan 1054 is unsorted. Fixing.
Scan 1055 is unsorted. Fixing.
Scan 1057 is unsorted. Fixing.
Scan 1058 is unsorted. Fixing.
Scan 1059 is unsorted. Fixing.
Scan 1060 is unsorted. Fixing.
Scan 1061 is unsorted. Fixing.
Scan 1062 is unsorted. Fixing.
Scan 1063 is unsorted. Fixing.
Scan 1067 is unsorted. Fixing.
Scan 1068 is unsorted. Fixing.
Scan 1069 is unsorted. Fixing.
Scan 1071 is unsorted. Fixing.
Scan 1072 is unsorted. Fixing.
Scan 1074 is unsorted. Fixing.
Scan 1075 is unsorted. Fixing.
Scan 1083 is unsorted. Fixing.
Scan 1084 is unsorted. Fixing.
Scan 1086 is unsorted. Fixing.
Scan 1087 is unsorted. Fixing.
Scan 1088 is unsorted. Fixing.
Scan 1089 is unsorted. Fixing.
Scan 1090 is unsorted. Fixing.
Scan 1091 is unsorted. Fixing.
Scan 1092 is unsorted. Fixing.
Scan 1093 is unsorted. Fixing.
Scan 1094 is unsorted. Fixing.
Scan 1095 is unsorted. Fixing.
Scan 1096 is unsorted. Fixing.
Scan 1104 is unsorted. Fixing.
Scan 1106 is unsorted. Fixing.
Scan 1107 is unsorted. Fixing.
Scan 1109 is unsorted. Fixing.
Scan 1110 is unsorted. Fixing.
Scan 1111 is unsorted. Fixing.
Scan 1115 is unsorted. Fixing.
Scan 1138 is unsorted. Fixing.
Scan 1139 is unsorted. Fixing.
Scan 1141 is unsorted. Fixing.
Scan 1142 is unsorted. Fixing.
Scan 1146 is unsorted. Fixing.
Scan 1150 is unsorted. Fixing.
Scan 1151 is unsorted. Fixing.
Scan 1152 is unsorted. Fixing.
Scan 1154 is unsorted. Fixing.
Scan 1155 is unsorted. Fixing.
Scan 1157 is unsorted. Fixing.
Scan 1158 is unsorted. Fixing.
Scan 1159 is unsorted. Fixing.
Scan 1163 is unsorted. Fixing.
Scan 1164 is unsorted. Fixing.
Scan 1166 is unsorted. Fixing.
Scan 1171 is unsorted. Fixing.
Scan 1173 is unsorted. Fixing.
Scan 1174 is unsorted. Fixing.
Scan 1176 is unsorted. Fixing.
Scan 1181 is unsorted. Fixing.
Scan 1185 is unsorted. Fixing.
Scan 1187 is unsorted. Fixing.
Scan 1188 is unsorted. Fixing.
Scan 1189 is unsorted. Fixing.
Scan 1190 is unsorted. Fixing.
Scan 1191 is unsorted. Fixing.
Scan 1193 is unsorted. Fixing.
Scan 1194 is unsorted. Fixing.
Scan 1195 is unsorted. Fixing.
Scan 1205 is unsorted. Fixing.
Scan 1207 is unsorted. Fixing.
Scan 1208 is unsorted. Fixing.
Scan 1209 is unsorted. Fixing.
Scan 1210 is unsorted. Fixing.
Scan 1211 is unsorted. Fixing.
Scan 1213 is unsorted. Fixing.
Scan 1217 is unsorted. Fixing.
Scan 1225 is unsorted. Fixing.
Scan 1228 is unsorted. Fixing.
Scan 1236 is unsorted. Fixing.
Scan 1238 is unsorted. Fixing.
Scan 1239 is unsorted. Fixing.
Scan 1242 is unsorted. Fixing.
Scan 1245 is unsorted. Fixing.
Scan 1246 is unsorted. Fixing.
Scan 1249 is unsorted. Fixing.
Scan 1250 is unsorted. Fixing.
Scan 1251 is unsorted. Fixing.
Scan 1252 is unsorted. Fixing.
Scan 1253 is unsorted. Fixing.
Scan 1254 is unsorted. Fixing.
Scan 1256 is unsorted. Fixing.
Scan 1258 is unsorted. Fixing.
Scan 1259 is unsorted. Fixing.
Scan 1262 is unsorted. Fixing.
Scan 1264 is unsorted. Fixing.
Scan 1266 is unsorted. Fixing.
Scan 1290 is unsorted. Fixing.
Scan 1294 is unsorted. Fixing.
Scan 1298 is unsorted. Fixing.
Scan 1307 is unsorted. Fixing.
Scan 1310 is unsorted. Fixing.
Scan 1323 is unsorted. Fixing.
Scan 1325 is unsorted. Fixing.
Scan 1326 is unsorted. Fixing.
Scan 1328 is unsorted. Fixing.
Scan 1340 is unsorted. Fixing.
Scan 1341 is unsorted. Fixing.
Scan 1345 is unsorted. Fixing.
Scan 1346 is unsorted. Fixing.
Scan 1347 is unsorted. Fixing.
Scan 1349 is unsorted. Fixing.
Scan 1350 is unsorted. Fixing.
Scan 1351 is unsorted. Fixing.
Scan 1353 is unsorted. Fixing.
Scan 1355 is unsorted. Fixing.
Scan 1358 is unsorted. Fixing.
Scan 1359 is unsorted. Fixing.
Scan 1361 is unsorted. Fixing.
Scan 1365 is unsorted. Fixing.
Scan 1366 is unsorted. Fixing.
Scan 1368 is unsorted. Fixing.
Scan 1369 is unsorted. Fixing.
Scan 1370 is unsorted. Fixing.
Scan 1371 is unsorted. Fixing.
Scan 1373 is unsorted. Fixing.
Scan 1374 is unsorted. Fixing.
Scan 1376 is unsorted. Fixing.
Scan 1378 is unsorted. Fixing.
Scan 1379 is unsorted. Fixing.
Scan 1381 is unsorted. Fixing.
Scan 1382 is unsorted. Fixing.
Scan 1383 is unsorted. Fixing.
Scan 1385 is unsorted. Fixing.
Scan 1386 is unsorted. Fixing.
Scan 1389 is unsorted. Fixing.
Scan 1390 is unsorted. Fixing.
Scan 1391 is unsorted. Fixing.
Scan 1395 is unsorted. Fixing.
Scan 1396 is unsorted. Fixing.
Scan 1398 is unsorted. Fixing.
Scan 1399 is unsorted. Fixing.
Scan 1400 is unsorted. Fixing.
Scan 1401 is unsorted. Fixing.
Scan 1402 is unsorted. Fixing.
Scan 1407 is unsorted. Fixing.
Scan 1408 is unsorted. Fixing.
Scan 1409 is unsorted. Fixing.
Scan 1410 is unsorted. Fixing.
Scan 1411 is unsorted. Fixing.
Scan 1413 is unsorted. Fixing.
Scan 1414 is unsorted. Fixing.
Scan 1416 is unsorted. Fixing.
Scan 1417 is unsorted. Fixing.
Scan 1418 is unsorted. Fixing.
Scan 1419 is unsorted. Fixing.
Scan 1420 is unsorted. Fixing.
Scan 1422 is unsorted. Fixing.
Scan 1425 is unsorted. Fixing.
Scan 1426 is unsorted. Fixing.
Scan 1427 is unsorted. Fixing.
Scan 1428 is unsorted. Fixing.
Scan 1429 is unsorted. Fixing.
Scan 1434 is unsorted. Fixing.
Scan 1435 is unsorted. Fixing.
Scan 1437 is unsorted. Fixing.
Scan 1438 is unsorted. Fixing.
Scan 1454 is unsorted. Fixing.
Scan 1456 is unsorted. Fixing.
Scan 1458 is unsorted. Fixing.
Scan 1459 is unsorted. Fixing.
Scan 1460 is unsorted. Fixing.
Scan 1461 is unsorted. Fixing.
Scan 1462 is unsorted. Fixing.
Scan 1463 is unsorted. Fixing.
Scan 1464 is unsorted. Fixing.
Scan 1466 is unsorted. Fixing.
Scan 1467 is unsorted. Fixing.
Scan 1468 is unsorted. Fixing.
Scan 1470 is unsorted. Fixing.
Scan 1471 is unsorted. Fixing.
Scan 1476 is unsorted. Fixing.
Scan 1477 is unsorted. Fixing.
Scan 1479 is unsorted. Fixing.
Scan 1482 is unsorted. Fixing.
Scan 1484 is unsorted. Fixing.
Scan 1485 is unsorted. Fixing.
Scan 1489 is unsorted. Fixing.
Scan 1490 is unsorted. Fixing.
Scan 1491 is unsorted. Fixing.
Scan 1493 is unsorted. Fixing.
Scan 1496 is unsorted. Fixing.
Scan 1497 is unsorted. Fixing.
Scan 1498 is unsorted. Fixing.
Scan 1499 is unsorted. Fixing.
Scan 1500 is unsorted. Fixing.
Scan 1501 is unsorted. Fixing.
Scan 1502 is unsorted. Fixing.
Scan 1504 is unsorted. Fixing.
Scan 1505 is unsorted. Fixing.
Scan 1508 is unsorted. Fixing.
Scan 1509 is unsorted. Fixing.
Scan 1510 is unsorted. Fixing.
Scan 1511 is unsorted. Fixing.
Scan 1512 is unsorted. Fixing.
Scan 1513 is unsorted. Fixing.
Scan 1514 is unsorted. Fixing.
Scan 1516 is unsorted. Fixing.
Scan 1517 is unsorted. Fixing.
Scan 1518 is unsorted. Fixing.
Scan 1519 is unsorted. Fixing.
Scan 1520 is unsorted. Fixing.
Scan 1521 is unsorted. Fixing.
Scan 1522 is unsorted. Fixing.
Scan 1524 is unsorted. Fixing.
Scan 1525 is unsorted. Fixing.
Scan 1526 is unsorted. Fixing.
Scan 1528 is unsorted. Fixing.
Scan 1529 is unsorted. Fixing.
Scan 1530 is unsorted. Fixing.
Scan 1531 is unsorted. Fixing.
Scan 1533 is unsorted. Fixing.
Scan 1534 is unsorted. Fixing.
Scan 1535 is unsorted. Fixing.
Scan 1536 is unsorted. Fixing.
Scan 1538 is unsorted. Fixing.
Scan 1540 is unsorted. Fixing.
Scan 1542 is unsorted. Fixing.
Scan 1544 is unsorted. Fixing.
Scan 1545 is unsorted. Fixing.
Scan 1548 is unsorted. Fixing.
Scan 1549 is unsorted. Fixing.
Scan 1550 is unsorted. Fixing.
Scan 1552 is unsorted. Fixing.
Scan 1553 is unsorted. Fixing.
Scan 1554 is unsorted. Fixing.
Scan 1555 is unsorted. Fixing.
Scan 1557 is unsorted. Fixing.
Scan 1559 is unsorted. Fixing.
Scan 1560 is unsorted. Fixing.
Scan 1561 is unsorted. Fixing.
Scan 1562 is unsorted. Fixing.
Scan 1565 is unsorted. Fixing.
Scan 1568 is unsorted. Fixing.
Scan 1569 is unsorted. Fixing.
Scan 1573 is unsorted. Fixing.
Scan 1576 is unsorted. Fixing.
Scan 1577 is unsorted. Fixing.
Scan 1578 is unsorted. Fixing.
Scan 1579 is unsorted. Fixing.
Scan 1580 is unsorted. Fixing.
Scan 1581 is unsorted. Fixing.
Scan 1583 is unsorted. Fixing.
Scan 1587 is unsorted. Fixing.
Scan 1588 is unsorted. Fixing.
Scan 1591 is unsorted. Fixing.
Scan 1592 is unsorted. Fixing.
Scan 1593 is unsorted. Fixing.
Scan 1594 is unsorted. Fixing.
Scan 1598 is unsorted. Fixing.
Scan 1599 is unsorted. Fixing.
Scan 1600 is unsorted. Fixing.
Scan 1603 is unsorted. Fixing.
Scan 1604 is unsorted. Fixing.
Scan 1605 is unsorted. Fixing.
Scan 1607 is unsorted. Fixing.
Scan 1608 is unsorted. Fixing.
Scan 1609 is unsorted. Fixing.
Scan 1612 is unsorted. Fixing.
Scan 1614 is unsorted. Fixing.
Scan 1615 is unsorted. Fixing.
Scan 1618 is unsorted. Fixing.
Scan 1619 is unsorted. Fixing.
Scan 1620 is unsorted. Fixing.
Scan 1621 is unsorted. Fixing.
Scan 1623 is unsorted. Fixing.
Scan 1624 is unsorted. Fixing.
Scan 1625 is unsorted. Fixing.
Scan 1626 is unsorted. Fixing.
Scan 1627 is unsorted. Fixing.
Scan 1628 is unsorted. Fixing.
Scan 1629 is unsorted. Fixing.
Scan 1633 is unsorted. Fixing.
Scan 1635 is unsorted. Fixing.
Scan 1638 is unsorted. Fixing.
Scan 1639 is unsorted. Fixing.
Scan 1640 is unsorted. Fixing.
Scan 1643 is unsorted. Fixing.
Scan 1646 is unsorted. Fixing.
Scan 1653 is unsorted. Fixing.
Scan 1654 is unsorted. Fixing.
Scan 1655 is unsorted. Fixing.
Scan 1656 is unsorted. Fixing.
Scan 1662 is unsorted. Fixing.
Scan 1663 is unsorted. Fixing.
Scan 1665 is unsorted. Fixing.
Scan 1668 is unsorted. Fixing.
Scan 1669 is unsorted. Fixing.
Scan 1671 is unsorted. Fixing.
Scan 1672 is unsorted. Fixing.
Scan 1674 is unsorted. Fixing.
Scan 1675 is unsorted. Fixing.
Scan 1676 is unsorted. Fixing.
Scan 1677 is unsorted. Fixing.
Scan 1678 is unsorted. Fixing.
Scan 1680 is unsorted. Fixing.
Scan 1682 is unsorted. Fixing.
Scan 1683 is unsorted. Fixing.
Scan 1686 is unsorted. Fixing.
Scan 1687 is unsorted. Fixing.
Scan 1688 is unsorted. Fixing.
Scan 1689 is unsorted. Fixing.
Scan 1690 is unsorted. Fixing.
Scan 1691 is unsorted. Fixing.
Scan 1692 is unsorted. Fixing.
Scan 1693 is unsorted. Fixing.
Scan 1696 is unsorted. Fixing.
Scan 1699 is unsorted. Fixing.
Scan 1701 is unsorted. Fixing.
Scan 1702 is unsorted. Fixing.
Scan 1703 is unsorted. Fixing.
Scan 1706 is unsorted. Fixing.
Scan 1707 is unsorted. Fixing.
Scan 1708 is unsorted. Fixing.
Scan 1710 is unsorted. Fixing.
Scan 1711 is unsorted. Fixing.
Scan 1712 is unsorted. Fixing.
Scan 1714 is unsorted. Fixing.
Scan 1715 is unsorted. Fixing.
Scan 1716 is unsorted. Fixing.
Scan 1717 is unsorted. Fixing.
Scan 1719 is unsorted. Fixing.
Scan 1721 is unsorted. Fixing.
Scan 1723 is unsorted. Fixing.
Scan 1724 is unsorted. Fixing.
Scan 1726 is unsorted. Fixing.
Scan 1727 is unsorted. Fixing.
Scan 1729 is unsorted. Fixing.
Scan 1730 is unsorted. Fixing.
Scan 1731 is unsorted. Fixing.
Scan 1732 is unsorted. Fixing.
Scan 1733 is unsorted. Fixing.
Scan 1734 is unsorted. Fixing.
Scan 1735 is unsorted. Fixing.
Scan 1736 is unsorted. Fixing.
Scan 1737 is unsorted. Fixing.
Scan 1738 is unsorted. Fixing.
Scan 1739 is unsorted. Fixing.
Scan 1740 is unsorted. Fixing.
Scan 1741 is unsorted. Fixing.
Scan 1742 is unsorted. Fixing.
Scan 1743 is unsorted. Fixing.
Scan 1744 is unsorted. Fixing.
Scan 1745 is unsorted. Fixing.
Scan 1746 is unsorted. Fixing.
Scan 1748 is unsorted. Fixing.
Scan 1749 is unsorted. Fixing.
Scan 1750 is unsorted. Fixing.
Scan 1751 is unsorted. Fixing.
Scan 1752 is unsorted. Fixing.
Scan 1755 is unsorted. Fixing.
Scan 1757 is unsorted. Fixing.
Scan 1759 is unsorted. Fixing.
Scan 1760 is unsorted. Fixing.
Scan 1762 is unsorted. Fixing.
Scan 1763 is unsorted. Fixing.
Scan 1764 is unsorted. Fixing.
Scan 1766 is unsorted. Fixing.
Scan 1767 is unsorted. Fixing.
Scan 1768 is unsorted. Fixing.
Scan 1769 is unsorted. Fixing.
Scan 1770 is unsorted. Fixing.
Scan 1771 is unsorted. Fixing.
Scan 1772 is unsorted. Fixing.
Scan 1773 is unsorted. Fixing.
Scan 1774 is unsorted. Fixing.
Scan 1775 is unsorted. Fixing.
Scan 1776 is unsorted. Fixing.
Scan 1777 is unsorted. Fixing.
Scan 1778 is unsorted. Fixing.
Scan 1779 is unsorted. Fixing.
Scan 1781 is unsorted. Fixing.
Scan 1782 is unsorted. Fixing.
Scan 1783 is unsorted. Fixing.
Scan 1784 is unsorted. Fixing.
Scan 1785 is unsorted. Fixing.
Scan 1786 is unsorted. Fixing.
Scan 1788 is unsorted. Fixing.
Scan 1791 is unsorted. Fixing.
Scan 1792 is unsorted. Fixing.
Scan 1793 is unsorted. Fixing.
Scan 1794 is unsorted. Fixing.
Scan 1795 is unsorted. Fixing.
Scan 1796 is unsorted. Fixing.
Scan 1798 is unsorted. Fixing.
Scan 1801 is unsorted. Fixing.
Scan 1802 is unsorted. Fixing.
Scan 1803 is unsorted. Fixing.
Scan 1804 is unsorted. Fixing.
Scan 1805 is unsorted. Fixing.
Scan 1806 is unsorted. Fixing.
Scan 1807 is unsorted. Fixing.
Scan 1808 is unsorted. Fixing.
Scan 1809 is unsorted. Fixing.
Scan 1810 is unsorted. Fixing.
Scan 1811 is unsorted. Fixing.
Scan 1813 is unsorted. Fixing.
Scan 1815 is unsorted. Fixing.
Scan 1816 is unsorted. Fixing.
Scan 1817 is unsorted. Fixing.
Scan 1818 is unsorted. Fixing.
Scan 1819 is unsorted. Fixing.
Scan 1821 is unsorted. Fixing.
Scan 1822 is unsorted. Fixing.
Scan 1823 is unsorted. Fixing.
Scan 1824 is unsorted. Fixing.
Scan 1825 is unsorted. Fixing.
Scan 1826 is unsorted. Fixing.
Scan 1829 is unsorted. Fixing.
Scan 1830 is unsorted. Fixing.
Scan 1831 is unsorted. Fixing.
Scan 1832 is unsorted. Fixing.
Scan 1833 is unsorted. Fixing.
Scan 1834 is unsorted. Fixing.
Scan 1835 is unsorted. Fixing.
Scan 1836 is unsorted. Fixing.
Scan 1837 is unsorted. Fixing.
Scan 1838 is unsorted. Fixing.
Scan 1839 is unsorted. Fixing.
Scan 1840 is unsorted. Fixing.
Scan 1841 is unsorted. Fixing.
Scan 1842 is unsorted. Fixing.
Scan 1843 is unsorted. Fixing.
Scan 1844 is unsorted. Fixing.
Scan 1845 is unsorted. Fixing.
Scan 1847 is unsorted. Fixing.
Scan 1848 is unsorted. Fixing.
Scan 1849 is unsorted. Fixing.
Scan 1850 is unsorted. Fixing.
Scan 1851 is unsorted. Fixing.
Scan 1852 is unsorted. Fixing.
Scan 1853 is unsorted. Fixing.
Scan 1854 is unsorted. Fixing.
Scan 1855 is unsorted. Fixing.
Scan 1856 is unsorted. Fixing.
Scan 1858 is unsorted. Fixing.
Scan 1859 is unsorted. Fixing.
Scan 1860 is unsorted. Fixing.
Scan 1861 is unsorted. Fixing.
Scan 1862 is unsorted. Fixing.
Scan 1863 is unsorted. Fixing.
Scan 1864 is unsorted. Fixing.
Scan 1865 is unsorted. Fixing.
Scan 1866 is unsorted. Fixing.
Scan 1867 is unsorted. Fixing.
Scan 1868 is unsorted. Fixing.
Scan 1869 is unsorted. Fixing.
Scan 1870 is unsorted. Fixing.
Scan 1872 is unsorted. Fixing.
Scan 1873 is unsorted. Fixing.
Scan 1874 is unsorted. Fixing.
Scan 1878 is unsorted. Fixing.
Scan 1879 is unsorted. Fixing.
Scan 1881 is unsorted. Fixing.
Scan 1882 is unsorted. Fixing.
Scan 1883 is unsorted. Fixing.
Scan 1884 is unsorted. Fixing.
Scan 1885 is unsorted. Fixing.
Scan 1886 is unsorted. Fixing.
Scan 1887 is unsorted. Fixing.
Scan 1888 is unsorted. Fixing.
Scan 1889 is unsorted. Fixing.
Scan 1890 is unsorted. Fixing.
Scan 1891 is unsorted. Fixing.
Scan 1892 is unsorted. Fixing.
Scan 1893 is unsorted. Fixing.
Scan 1894 is unsorted. Fixing.
Scan 1895 is unsorted. Fixing.
Scan 1896 is unsorted. Fixing.
Scan 1897 is unsorted. Fixing.
Scan 1898 is unsorted. Fixing.
Scan 1899 is unsorted. Fixing.
Scan 1900 is unsorted. Fixing.
Scan 1901 is unsorted. Fixing.
Scan 1902 is unsorted. Fixing.
Scan 1903 is unsorted. Fixing.
Scan 1904 is unsorted. Fixing.
Scan 1905 is unsorted. Fixing.
Scan 1906 is unsorted. Fixing.
Scan 1907 is unsorted. Fixing.
Scan 1908 is unsorted. Fixing.
Scan 1909 is unsorted. Fixing.
Scan 1910 is unsorted. Fixing.
Scan 1911 is unsorted. Fixing.
Scan 1919 is unsorted. Fixing.
Scan 1921 is unsorted. Fixing.
Scan 1922 is unsorted. Fixing.
Scan 1923 is unsorted. Fixing.
Scan 1925 is unsorted. Fixing.
Scan 1926 is unsorted. Fixing.
Scan 1930 is unsorted. Fixing.
Scan 1931 is unsorted. Fixing.
Scan 1932 is unsorted. Fixing.
Scan 1934 is unsorted. Fixing.
Scan 1935 is unsorted. Fixing.
Scan 1936 is unsorted. Fixing.
Scan 1937 is unsorted. Fixing.
Scan 1938 is unsorted. Fixing.
Scan 1939 is unsorted. Fixing.
Scan 1940 is unsorted. Fixing.
Scan 1941 is unsorted. Fixing.
Scan 1942 is unsorted. Fixing.
Scan 1943 is unsorted. Fixing.
Scan 1944 is unsorted. Fixing.
Scan 1945 is unsorted. Fixing.
Scan 1946 is unsorted. Fixing.
Scan 1947 is unsorted. Fixing.
Scan 1948 is unsorted. Fixing.
Scan 1949 is unsorted. Fixing.
Scan 1950 is unsorted. Fixing.
Scan 1953 is unsorted. Fixing.
Scan 1954 is unsorted. Fixing.
Scan 1956 is unsorted. Fixing.
Scan 1957 is unsorted. Fixing.
Scan 1959 is unsorted. Fixing.
Scan 1960 is unsorted. Fixing.
Scan 1961 is unsorted. Fixing.
Scan 1962 is unsorted. Fixing.
Scan 1963 is unsorted. Fixing.
Scan 1964 is unsorted. Fixing.
Scan 1965 is unsorted. Fixing.
Scan 1967 is unsorted. Fixing.
Scan 1968 is unsorted. Fixing.
Scan 1969 is unsorted. Fixing.
Scan 1970 is unsorted. Fixing.
Scan 1971 is unsorted. Fixing.
Scan 1972 is unsorted. Fixing.
Scan 1973 is unsorted. Fixing.
Scan 1974 is unsorted. Fixing.
Scan 1976 is unsorted. Fixing.
Scan 1978 is unsorted. Fixing.
Scan 1980 is unsorted. Fixing.
Scan 1984 is unsorted. Fixing.
Scan 1988 is unsorted. Fixing.
Scan 1991 is unsorted. Fixing.
Scan 1993 is unsorted. Fixing.
Scan 1994 is unsorted. Fixing.
Scan 1995 is unsorted. Fixing.
Scan 1996 is unsorted. Fixing.
Scan 1998 is unsorted. Fixing.
Scan 1999 is unsorted. Fixing.
Scan 2000 is unsorted. Fixing.
Scan 2001 is unsorted. Fixing.
Scan 2002 is unsorted. Fixing.
Scan 2003 is unsorted. Fixing.
Scan 2005 is unsorted. Fixing.
Scan 2006 is unsorted. Fixing.
Scan 2007 is unsorted. Fixing.
Scan 2008 is unsorted. Fixing.
Scan 2009 is unsorted. Fixing.
Scan 2010 is unsorted. Fixing.
Scan 2011 is unsorted. Fixing.
Scan 2012 is unsorted. Fixing.
Scan 2013 is unsorted. Fixing.
Scan 2014 is unsorted. Fixing.
Scan 2015 is unsorted. Fixing.
Scan 2016 is unsorted. Fixing.
Scan 2017 is unsorted. Fixing.
Scan 2018 is unsorted. Fixing.
Scan 2019 is unsorted. Fixing.
Scan 2020 is unsorted. Fixing.
Scan 2021 is unsorted. Fixing.
Scan 2022 is unsorted. Fixing.
Scan 2023 is unsorted. Fixing.
Scan 2025 is unsorted. Fixing.
Scan 2026 is unsorted. Fixing.
Scan 2027 is unsorted. Fixing.
Scan 2028 is unsorted. Fixing.
Scan 2029 is unsorted. Fixing.
Scan 2030 is unsorted. Fixing.
Scan 2032 is unsorted. Fixing.
Scan 2033 is unsorted. Fixing.
Scan 2034 is unsorted. Fixing.
Scan 2035 is unsorted. Fixing.
Scan 2036 is unsorted. Fixing.
Scan 2037 is unsorted. Fixing.
Scan 2038 is unsorted. Fixing.
Scan 2039 is unsorted. Fixing.
Scan 2041 is unsorted. Fixing.
Scan 2042 is unsorted. Fixing.
Scan 2043 is unsorted. Fixing.
Scan 2044 is unsorted. Fixing.
Scan 2045 is unsorted. Fixing.
Scan 2046 is unsorted. Fixing.
Scan 2047 is unsorted. Fixing.
Scan 2049 is unsorted. Fixing.
Scan 2050 is unsorted. Fixing.
Scan 2051 is unsorted. Fixing.
Scan 2052 is unsorted. Fixing.
Scan 2054 is unsorted. Fixing.
Scan 2055 is unsorted. Fixing.
Scan 2057 is unsorted. Fixing.
Scan 2058 is unsorted. Fixing.
Scan 2059 is unsorted. Fixing.
Scan 2060 is unsorted. Fixing.
Scan 2061 is unsorted. Fixing.
Scan 2062 is unsorted. Fixing.
Scan 2063 is unsorted. Fixing.
Scan 2064 is unsorted. Fixing.
Scan 2065 is unsorted. Fixing.
Scan 2066 is unsorted. Fixing.
Scan 2067 is unsorted. Fixing.
Scan 2068 is unsorted. Fixing.
Scan 2069 is unsorted. Fixing.
Scan 2070 is unsorted. Fixing.
Scan 2071 is unsorted. Fixing.
Scan 2072 is unsorted. Fixing.
Scan 2073 is unsorted. Fixing.
Scan 2074 is unsorted. Fixing.
Scan 2075 is unsorted. Fixing.
Scan 2076 is unsorted. Fixing.
Scan 2078 is unsorted. Fixing.
Scan 2079 is unsorted. Fixing.
Scan 2080 is unsorted. Fixing.
Scan 2081 is unsorted. Fixing.
Scan 2082 is unsorted. Fixing.
Scan 2083 is unsorted. Fixing.
Scan 2084 is unsorted. Fixing.
Scan 2085 is unsorted. Fixing.
Scan 2086 is unsorted. Fixing.
Scan 2087 is unsorted. Fixing.
Scan 2088 is unsorted. Fixing.
Scan 2089 is unsorted. Fixing.
Scan 2090 is unsorted. Fixing.
Scan 2091 is unsorted. Fixing.
Scan 2092 is unsorted. Fixing.
Scan 2093 is unsorted. Fixing.
Scan 2094 is unsorted. Fixing.
Scan 2095 is unsorted. Fixing.
Scan 2096 is unsorted. Fixing.
Scan 2097 is unsorted. Fixing.
Scan 2099 is unsorted. Fixing.
Scan 2100 is unsorted. Fixing.
Scan 2101 is unsorted. Fixing.
Scan 2102 is unsorted. Fixing.
Scan 2103 is unsorted. Fixing.
Scan 2104 is unsorted. Fixing.
Scan 2105 is unsorted. Fixing.
Scan 2106 is unsorted. Fixing.
Scan 2107 is unsorted. Fixing.
Scan 2108 is unsorted. Fixing.
Scan 2109 is unsorted. Fixing.
Scan 2110 is unsorted. Fixing.
Scan 2111 is unsorted. Fixing.
Scan 2112 is unsorted. Fixing.
Scan 2113 is unsorted. Fixing.
Scan 2114 is unsorted. Fixing.
Scan 2115 is unsorted. Fixing.
Scan 2116 is unsorted. Fixing.
Scan 2117 is unsorted. Fixing.
Scan 2118 is unsorted. Fixing.
Scan 2119 is unsorted. Fixing.
Scan 2120 is unsorted. Fixing.
Scan 2121 is unsorted. Fixing.
Scan 2122 is unsorted. Fixing.
Scan 2123 is unsorted. Fixing.
Scan 2124 is unsorted. Fixing.
Scan 2125 is unsorted. Fixing.
Scan 2126 is unsorted. Fixing.
Scan 2127 is unsorted. Fixing.
Scan 2128 is unsorted. Fixing.
Scan 2129 is unsorted. Fixing.
Scan 2130 is unsorted. Fixing.
Scan 2131 is unsorted. Fixing.
Scan 2132 is unsorted. Fixing.
Scan 2133 is unsorted. Fixing.
Scan 2134 is unsorted. Fixing.
Scan 2135 is unsorted. Fixing.
Scan 2136 is unsorted. Fixing.
Scan 2137 is unsorted. Fixing.
Scan 2138 is unsorted. Fixing.
Scan 2139 is unsorted. Fixing.
Scan 2140 is unsorted. Fixing.
Scan 2141 is unsorted. Fixing.
Scan 2142 is unsorted. Fixing.
Scan 2143 is unsorted. Fixing.
Scan 2144 is unsorted. Fixing.
Scan 2145 is unsorted. Fixing.
Scan 2146 is unsorted. Fixing.
Scan 2147 is unsorted. Fixing.
Scan 2148 is unsorted. Fixing.
Scan 2149 is unsorted. Fixing.
Scan 2150 is unsorted. Fixing.
Scan 2151 is unsorted. Fixing.
Scan 2152 is unsorted. Fixing.
Scan 2153 is unsorted. Fixing.
Scan 2154 is unsorted. Fixing.
Scan 2155 is unsorted. Fixing.
Scan 2156 is unsorted. Fixing.
Scan 2157 is unsorted. Fixing.
Scan 2158 is unsorted. Fixing.
Scan 2159 is unsorted. Fixing.
Scan 2160 is unsorted. Fixing.
Scan 2161 is unsorted. Fixing.
Scan 2162 is unsorted. Fixing.
Scan 2163 is unsorted. Fixing.
Scan 2164 is unsorted. Fixing.
Scan 2165 is unsorted. Fixing.
Scan 2166 is unsorted. Fixing.
Scan 2167 is unsorted. Fixing.
Scan 2168 is unsorted. Fixing.
Scan 2169 is unsorted. Fixing.
Scan 2170 is unsorted. Fixing.
Scan 2173 is unsorted. Fixing.
Scan 2174 is unsorted. Fixing.
Scan 2175 is unsorted. Fixing.
Scan 2176 is unsorted. Fixing.
Scan 2177 is unsorted. Fixing.
Scan 2178 is unsorted. Fixing.
Scan 2179 is unsorted. Fixing.
Scan 2180 is unsorted. Fixing.
Scan 2181 is unsorted. Fixing.
Scan 2182 is unsorted. Fixing.
Scan 2183 is unsorted. Fixing.
Scan 2184 is unsorted. Fixing.
Scan 2185 is unsorted. Fixing.
Scan 2186 is unsorted. Fixing.
Scan 2187 is unsorted. Fixing.
Scan 2188 is unsorted. Fixing.
Scan 2189 is unsorted. Fixing.
Scan 2190 is unsorted. Fixing.
Scan 2191 is unsorted. Fixing.
Scan 2192 is unsorted. Fixing.
Scan 2193 is unsorted. Fixing.
Scan 2194 is unsorted. Fixing.
Scan 2195 is unsorted. Fixing.
Scan 2196 is unsorted. Fixing.
Scan 2197 is unsorted. Fixing.
Scan 2198 is unsorted. Fixing.
Scan 2199 is unsorted. Fixing.
Scan 2200 is unsorted. Fixing.
Scan 2201 is unsorted. Fixing.
Scan 2202 is unsorted. Fixing.
Scan 2203 is unsorted. Fixing.
Scan 2204 is unsorted. Fixing.
Scan 2205 is unsorted. Fixing.
Scan 2206 is unsorted. Fixing.
Scan 2207 is unsorted. Fixing.
Scan 2208 is unsorted. Fixing.
Scan 2209 is unsorted. Fixing.
Scan 2210 is unsorted. Fixing.
Scan 2211 is unsorted. Fixing.
Scan 2212 is unsorted. Fixing.
Scan 2213 is unsorted. Fixing.
Scan 2214 is unsorted. Fixing.
Scan 2215 is unsorted. Fixing.
Scan 2216 is unsorted. Fixing.
Scan 2217 is unsorted. Fixing.
Scan 2218 is unsorted. Fixing.
Scan 2219 is unsorted. Fixing.
Scan 2220 is unsorted. Fixing.
Scan 2221 is unsorted. Fixing.
Scan 2222 is unsorted. Fixing.
Scan 2223 is unsorted. Fixing.
Scan 2224 is unsorted. Fixing.
Scan 2225 is unsorted. Fixing.
Scan 2226 is unsorted. Fixing.
Scan 2227 is unsorted. Fixing.
Scan 2228 is unsorted. Fixing.
Scan 2229 is unsorted. Fixing.
Scan 2230 is unsorted. Fixing.
Scan 2231 is unsorted. Fixing.
Scan 2232 is unsorted. Fixing.
Scan 2233 is unsorted. Fixing.
Scan 2234 is unsorted. Fixing.
Scan 2235 is unsorted. Fixing.
Scan 2236 is unsorted. Fixing.
Scan 2237 is unsorted. Fixing.
Scan 2238 is unsorted. Fixing.
Scan 2239 is unsorted. Fixing.
Scan 2240 is unsorted. Fixing.
Scan 2241 is unsorted. Fixing.
Scan 2242 is unsorted. Fixing.
Scan 2243 is unsorted. Fixing.
Scan 2244 is unsorted. Fixing.
Scan 2245 is unsorted. Fixing.
Scan 2246 is unsorted. Fixing.
Scan 2247 is unsorted. Fixing.
Scan 2248 is unsorted. Fixing.
Scan 2249 is unsorted. Fixing.
Scan 2250 is unsorted. Fixing.
Scan 2251 is unsorted. Fixing.
Scan 2252 is unsorted. Fixing.
Scan 2253 is unsorted. Fixing.
Scan 2254 is unsorted. Fixing.
Scan 2255 is unsorted. Fixing.
Scan 2256 is unsorted. Fixing.
Scan 2257 is unsorted. Fixing.
Scan 2258 is unsorted. Fixing.
Scan 2259 is unsorted. Fixing.
Scan 2260 is unsorted. Fixing.
Scan 2261 is unsorted. Fixing.
Scan 2262 is unsorted. Fixing.
Scan 2273 is unsorted. Fixing.
Scan 2274 is unsorted. Fixing.
Scan 2275 is unsorted. Fixing.
Scan 2276 is unsorted. Fixing.
Scan 2277 is unsorted. Fixing.
Scan 2278 is unsorted. Fixing.
Scan 2279 is unsorted. Fixing.
Scan 2280 is unsorted. Fixing.
Scan 2281 is unsorted. Fixing.
Scan 2282 is unsorted. Fixing.
Scan 2283 is unsorted. Fixing.
Scan 2284 is unsorted. Fixing.
Scan 2285 is unsorted. Fixing.
Scan 2286 is unsorted. Fixing.
Scan 2287 is unsorted. Fixing.
Scan 2288 is unsorted. Fixing.
Scan 2289 is unsorted. Fixing.
Scan 2290 is unsorted. Fixing.
Scan 2291 is unsorted. Fixing.
Scan 2292 is unsorted. Fixing.
Scan 2293 is unsorted. Fixing.
Scan 2294 is unsorted. Fixing.
Scan 2295 is unsorted. Fixing.
Scan 2296 is unsorted. Fixing.
Scan 2297 is unsorted. Fixing.
Scan 2298 is unsorted. Fixing.
Scan 2299 is unsorted. Fixing.
Scan 2300 is unsorted. Fixing.
Scan 2301 is unsorted. Fixing.
Scan 2302 is unsorted. Fixing.
Scan 2303 is unsorted. Fixing.
Scan 2304 is unsorted. Fixing.
Scan 2305 is unsorted. Fixing.
Scan 2306 is unsorted. Fixing.
Scan 2307 is unsorted. Fixing.
Scan 2308 is unsorted. Fixing.
Scan 2309 is unsorted. Fixing.
Scan 2310 is unsorted. Fixing.
Scan 2311 is unsorted. Fixing.
Scan 2312 is unsorted. Fixing.
Scan 2313 is unsorted. Fixing.
Scan 2314 is unsorted. Fixing.
Scan 2315 is unsorted. Fixing.
Scan 2316 is unsorted. Fixing.
Scan 2317 is unsorted. Fixing.
Scan 2318 is unsorted. Fixing.
Scan 2319 is unsorted. Fixing.
Scan 2320 is unsorted. Fixing.
Scan 2321 is unsorted. Fixing.
Scan 2322 is unsorted. Fixing.
Scan 2323 is unsorted. Fixing.
Scan 2324 is unsorted. Fixing.
Scan 2325 is unsorted. Fixing.
Scan 2326 is unsorted. Fixing.
Scan 2327 is unsorted. Fixing.
Scan 2328 is unsorted. Fixing.
Scan 2329 is unsorted. Fixing.
Scan 2330 is unsorted. Fixing.
Scan 2331 is unsorted. Fixing.
Scan 2332 is unsorted. Fixing.
Scan 2333 is unsorted. Fixing.
Scan 2334 is unsorted. Fixing.
Scan 2335 is unsorted. Fixing.
Scan 2336 is unsorted. Fixing.
Scan 2337 is unsorted. Fixing.
Scan 2338 is unsorted. Fixing.
Scan 2339 is unsorted. Fixing.
Scan 2340 is unsorted. Fixing.
Scan 2341 is unsorted. Fixing.
Scan 2342 is unsorted. Fixing.
Scan 2343 is unsorted. Fixing.
Scan 2344 is unsorted. Fixing.
Scan 2345 is unsorted. Fixing.
Scan 2346 is unsorted. Fixing.
Scan 2347 is unsorted. Fixing.
Scan 2348 is unsorted. Fixing.
Scan 2349 is unsorted. Fixing.
Scan 2350 is unsorted. Fixing.
Scan 2351 is unsorted. Fixing.
Scan 2352 is unsorted. Fixing.
Scan 2353 is unsorted. Fixing.
Scan 2354 is unsorted. Fixing.
Scan 2355 is unsorted. Fixing.
Scan 2356 is unsorted. Fixing.
Scan 2357 is unsorted. Fixing.
Scan 2358 is unsorted. Fixing.
Scan 2359 is unsorted. Fixing.
Scan 2360 is unsorted. Fixing.
Scan 2361 is unsorted. Fixing.
Scan 2362 is unsorted. Fixing.
Scan 2363 is unsorted. Fixing.
Scan 2364 is unsorted. Fixing.
Scan 2365 is unsorted. Fixing.
Scan 2366 is unsorted. Fixing.
Scan 2367 is unsorted. Fixing.
Scan 2368 is unsorted. Fixing.
Scan 2369 is unsorted. Fixing.
Scan 2370 is unsorted. Fixing.
Scan 2371 is unsorted. Fixing.
Scan 2372 is unsorted. Fixing.
Scan 2373 is unsorted. Fixing.
Scan 2374 is unsorted. Fixing.
Scan 2375 is unsorted. Fixing.
Scan 2376 is unsorted. Fixing.
Scan 2377 is unsorted. Fixing.
Scan 2378 is unsorted. Fixing.
Scan 2379 is unsorted. Fixing.
Scan 2380 is unsorted. Fixing.
Scan 2381 is unsorted. Fixing.
Scan 2382 is unsorted. Fixing.
Scan 2383 is unsorted. Fixing.
Scan 2384 is unsorted. Fixing.
Scan 2385 is unsorted. Fixing.
Scan 2386 is unsorted. Fixing.
Scan 2387 is unsorted. Fixing.
Scan 2388 is unsorted. Fixing.
Scan 2389 is unsorted. Fixing.
Scan 2390 is unsorted. Fixing.
Scan 2391 is unsorted. Fixing.
Scan 2392 is unsorted. Fixing.
Scan 2393 is unsorted. Fixing.
Scan 2394 is unsorted. Fixing.
Scan 2395 is unsorted. Fixing.
Scan 2396 is unsorted. Fixing.
Scan 2397 is unsorted. Fixing.
Scan 2398 is unsorted. Fixing.
Scan 2399 is unsorted. Fixing.
Scan 2400 is unsorted. Fixing.
Scan 2401 is unsorted. Fixing.
Scan 2402 is unsorted. Fixing.
Scan 2403 is unsorted. Fixing.
Scan 2404 is unsorted. Fixing.
Scan 2405 is unsorted. Fixing.
Scan 2406 is unsorted. Fixing.
Scan 2407 is unsorted. Fixing.
Scan 2408 is unsorted. Fixing.
Scan 2409 is unsorted. Fixing.
Scan 2410 is unsorted. Fixing.
Scan 2411 is unsorted. Fixing.
Scan 2412 is unsorted. Fixing.
Scan 2413 is unsorted. Fixing.
Scan 2414 is unsorted. Fixing.
Scan 2415 is unsorted. Fixing.
Scan 2416 is unsorted. Fixing.
Scan 2417 is unsorted. Fixing.
Scan 2418 is unsorted. Fixing.
Scan 2419 is unsorted. Fixing.
Scan 2420 is unsorted. Fixing.
Scan 2421 is unsorted. Fixing.
Scan 2422 is unsorted. Fixing.
Scan 2423 is unsorted. Fixing.
Scan 2424 is unsorted. Fixing.
Scan 2425 is unsorted. Fixing.
Scan 2426 is unsorted. Fixing.
Scan 2427 is unsorted. Fixing.
Scan 2428 is unsorted. Fixing.
Scan 2429 is unsorted. Fixing.
Scan 2430 is unsorted. Fixing.
Scan 2431 is unsorted. Fixing.
Scan 2432 is unsorted. Fixing.
Scan 2433 is unsorted. Fixing.
Scan 2434 is unsorted. Fixing.
Scan 2435 is unsorted. Fixing.
Scan 2436 is unsorted. Fixing.
Scan 2437 is unsorted. Fixing.
Scan 2438 is unsorted. Fixing.
Scan 2439 is unsorted. Fixing.
Scan 2440 is unsorted. Fixing.
Scan 2441 is unsorted. Fixing.
Scan 2442 is unsorted. Fixing.
Scan 2443 is unsorted. Fixing.
Scan 2444 is unsorted. Fixing.
Scan 2445 is unsorted. Fixing.
Scan 2446 is unsorted. Fixing.
Scan 2447 is unsorted. Fixing.
Scan 2448 is unsorted. Fixing.
Scan 2449 is unsorted. Fixing.
Scan 2450 is unsorted. Fixing.
Scan 2451 is unsorted. Fixing.
Scan 2452 is unsorted. Fixing.
Scan 2453 is unsorted. Fixing.
Scan 2454 is unsorted. Fixing.
Scan 2455 is unsorted. Fixing.
Scan 2456 is unsorted. Fixing.
Scan 2457 is unsorted. Fixing.
Scan 2458 is unsorted. Fixing.
Scan 2459 is unsorted. Fixing.
Scan 2460 is unsorted. Fixing.
Scan 2461 is unsorted. Fixing.
Scan 2462 is unsorted. Fixing.
Scan 2463 is unsorted. Fixing.
Scan 2464 is unsorted. Fixing.
Scan 2465 is unsorted. Fixing.
Scan 2466 is unsorted. Fixing.
Scan 2467 is unsorted. Fixing.
Scan 2468 is unsorted. Fixing.
Scan 2469 is unsorted. Fixing.
Scan 2470 is unsorted. Fixing.
Scan 2471 is unsorted. Fixing.
Scan 2472 is unsorted. Fixing.
Scan 2473 is unsorted. Fixing.
Scan 2474 is unsorted. Fixing.
Scan 2475 is unsorted. Fixing.
Scan 2476 is unsorted. Fixing.
Scan 2477 is unsorted. Fixing.
Scan 2478 is unsorted. Fixing.
Scan 2479 is unsorted. Fixing.
Scan 2480 is unsorted. Fixing.
Scan 2481 is unsorted. Fixing.
Scan 2482 is unsorted. Fixing.
Scan 2483 is unsorted. Fixing.
Scan 2484 is unsorted. Fixing.
Scan 2485 is unsorted. Fixing.
Scan 2486 is unsorted. Fixing.
Scan 2487 is unsorted. Fixing.
Scan 2488 is unsorted. Fixing.
Scan 2489 is unsorted. Fixing.
Scan 2490 is unsorted. Fixing.
Scan 2491 is unsorted. Fixing.
Scan 2492 is unsorted. Fixing.
Scan 2493 is unsorted. Fixing.
Scan 2494 is unsorted. Fixing.
Scan 2495 is unsorted. Fixing.
Scan 2496 is unsorted. Fixing.
Scan 2497 is unsorted. Fixing.
Scan 2498 is unsorted. Fixing.
Scan 2499 is unsorted. Fixing.
Scan 2500 is unsorted. Fixing.
Scan 2501 is unsorted. Fixing.
Scan 2502 is unsorted. Fixing.
Scan 2503 is unsorted. Fixing.
Scan 2504 is unsorted. Fixing.
Scan 2505 is unsorted. Fixing.
Scan 2506 is unsorted. Fixing.
Scan 2507 is unsorted. Fixing.
Scan 2508 is unsorted. Fixing.
Scan 2509 is unsorted. Fixing.
Scan 2510 is unsorted. Fixing.
Scan 2511 is unsorted. Fixing.
Scan 2512 is unsorted. Fixing.
Scan 2513 is unsorted. Fixing.
Scan 2514 is unsorted. Fixing.
Scan 2515 is unsorted. Fixing.
Scan 2516 is unsorted. Fixing.
Scan 2517 is unsorted. Fixing.
Scan 2518 is unsorted. Fixing.
Scan 2519 is unsorted. Fixing.
Scan 2520 is unsorted. Fixing.
Scan 2521 is unsorted. Fixing.
Scan 2522 is unsorted. Fixing.
Scan 2523 is unsorted. Fixing.
Scan 2524 is unsorted. Fixing.
Scan 2525 is unsorted. Fixing.
Scan 2526 is unsorted. Fixing.
Scan 2527 is unsorted. Fixing.
Scan 2528 is unsorted. Fixing.
Scan 2529 is unsorted. Fixing.
Scan 2530 is unsorted. Fixing.
Scan 2531 is unsorted. Fixing.
Scan 2532 is unsorted. Fixing.
Scan 2533 is unsorted. Fixing.
Scan 2534 is unsorted. Fixing.
Scan 2535 is unsorted. Fixing.
Scan 2536 is unsorted. Fixing.
Scan 2537 is unsorted. Fixing.
Scan 2538 is unsorted. Fixing.
Scan 2539 is unsorted. Fixing.
Scan 2540 is unsorted. Fixing.
Scan 2541 is unsorted. Fixing.
Scan 2542 is unsorted. Fixing.
Scan 2543 is unsorted. Fixing.
Scan 2544 is unsorted. Fixing.
Scan 2545 is unsorted. Fixing.
Scan 2546 is unsorted. Fixing.
Scan 2547 is unsorted. Fixing.
Scan 2548 is unsorted. Fixing.
Scan 2549 is unsorted. Fixing.
Scan 2550 is unsorted. Fixing.
Scan 2551 is unsorted. Fixing.
Scan 2552 is unsorted. Fixing.
Scan 2553 is unsorted. Fixing.
Scan 2554 is unsorted. Fixing.
Scan 2555 is unsorted. Fixing.
Scan 2556 is unsorted. Fixing.
Scan 2557 is unsorted. Fixing.
Scan 2558 is unsorted. Fixing.
Scan 2559 is unsorted. Fixing.
Scan 2560 is unsorted. Fixing.
Scan 2561 is unsorted. Fixing.
Scan 2562 is unsorted. Fixing.
Scan 2563 is unsorted. Fixing.
Scan 2564 is unsorted. Fixing.
Scan 2565 is unsorted. Fixing.
Scan 2566 is unsorted. Fixing.
Scan 2567 is unsorted. Fixing.
Scan 2568 is unsorted. Fixing.
Scan 2569 is unsorted. Fixing.
Scan 2570 is unsorted. Fixing.
Scan 2571 is unsorted. Fixing.
Scan 2572 is unsorted. Fixing.
Scan 2573 is unsorted. Fixing.
Scan 2574 is unsorted. Fixing.
Scan 2575 is unsorted. Fixing.
Scan 2576 is unsorted. Fixing.
Scan 2577 is unsorted. Fixing.
Scan 2578 is unsorted. Fixing.
Scan 2579 is unsorted. Fixing.
Scan 2580 is unsorted. Fixing.
Scan 2581 is unsorted. Fixing.
Scan 2582 is unsorted. Fixing.
Scan 2583 is unsorted. Fixing.
Scan 2584 is unsorted. Fixing.
Scan 2585 is unsorted. Fixing.
Scan 2586 is unsorted. Fixing.
Scan 2587 is unsorted. Fixing.
Scan 2588 is unsorted. Fixing.
Scan 2589 is unsorted. Fixing.
Scan 2590 is unsorted. Fixing.
Scan 2591 is unsorted. Fixing.
Scan 2592 is unsorted. Fixing.
Scan 2593 is unsorted. Fixing.
Scan 2594 is unsorted. Fixing.
Scan 2595 is unsorted. Fixing.
slurmstepd: error: *** JOB 12583616 ON ti149 CANCELLED AT 2017-02-10T17:26:05 DUE TO TIME LIMIT ***
